[debug] [2018-07-30T00:07:28.155Z] ----------------------------------------------------------------------
[debug] [2018-07-30T00:07:28.157Z] Command:       /usr/local/bin/node /usr/local/bin/firebase serve --only hosting
[debug] [2018-07-30T00:07:28.157Z] CLI Version:   4.0.0
[debug] [2018-07-30T00:07:28.157Z] Platform:      darwin
[debug] [2018-07-30T00:07:28.157Z] Node Version:  v8.4.0
[debug] [2018-07-30T00:07:28.158Z] Time:          Sun Jul 29 2018 20:07:28 GMT-0400 (EDT)
[debug] [2018-07-30T00:07:28.158Z] ----------------------------------------------------------------------
[debug] 
[debug] [2018-07-30T00:07:28.169Z] > command requires scopes: ["email","openid","https://www.googleapis.com/auth/cloudplatformprojects.readonly","https://www.googleapis.com/auth/firebase","https://www.googleapis.com/auth/cloud-platform"]
[debug] [2018-07-30T00:07:28.169Z] > authorizing via signed-in user
[debug] [2018-07-30T00:07:28.171Z] > refreshing access token with scopes: ["email","https://www.googleapis.com/auth/cloud-platform","https://www.googleapis.com/auth/cloudplatformprojects.readonly","https://www.googleapis.com/auth/firebase","openid"]
[debug] [2018-07-30T00:07:28.171Z] >>> HTTP REQUEST POST https://www.googleapis.com/oauth2/v3/token  
 { refresh_token: '1/z4lY5PUjPiTLMbeBSAA_NlhJoLppEvCURRK8eZShs6inAizZIDjgiakDewvD5aBg',
  client_id: '563584335869-fgrhgmd47bqnekij5i8b5pr03ho849e6.apps.googleusercontent.com',
  client_secret: 'j9iVZfS8kkCEFUPaAeJV0sAi',
  grant_type: 'refresh_token',
  scope: 'email https://www.googleapis.com/auth/cloud-platform https://www.googleapis.com/auth/cloudplatformprojects.readonly https://www.googleapis.com/auth/firebase openid' } 
 Sun Jul 29 2018 20:07:28 GMT-0400 (EDT)
[debug] [2018-07-30T00:07:28.419Z] <<< HTTP RESPONSE 200
[debug] [2018-07-30T00:07:28.438Z] >>> HTTP REQUEST GET https://admin.firebase.com/v1/projects/artisanal-adhesives  
  
 Sun Jul 29 2018 20:07:28 GMT-0400 (EDT)
[debug] [2018-07-30T00:07:28.819Z] <<< HTTP RESPONSE 200
[debug] [2018-07-30T00:07:28.820Z] >>> HTTP REQUEST GET https://admin.firebase.com/v1/database/artisanal-adhesives/tokens  
  
 Sun Jul 29 2018 20:07:28 GMT-0400 (EDT)
[debug] [2018-07-30T00:07:30.679Z] <<< HTTP RESPONSE 200
[debug] [2018-07-30T00:07:30.680Z] >>> HTTP REQUEST GET https://cloudresourcemanager.googleapis.com/v1/projects/artisanal-adhesives  
  
 Sun Jul 29 2018 20:07:30 GMT-0400 (EDT)
[debug] [2018-07-30T00:07:31.112Z] <<< HTTP RESPONSE 200
[info] 
[info] === Serving from '/Users/ridehomemike/Projects/artisanal-adhesives'...
[info] 
[debug] [2018-07-30T00:07:31.117Z] >>> HTTP REQUEST GET https://mobilesdk-pa.googleapis.com/v1/projects/338059559702/clients/_:getWebAppConfig  
  
 Sun Jul 29 2018 20:07:31 GMT-0400 (EDT)
[debug] [2018-07-30T00:07:33.795Z] <<< HTTP RESPONSE 200
[info] i  hosting: Serving hosting files from: build
[info] ✔  hosting: Local server: http://localhost:5000

